Log file open, 12/21/17 15:36:30
LogWindows: Failed to load 'aqProf.dll' (GetLastError=126)
LogWindows: File 'aqProf.dll' does not exist
LogWindows: Failed to load 'VtuneApi.dll' (GetLastError=126)
LogWindows: File 'VtuneApi.dll' does not exist
LogWindows: Failed to load 'VtuneApi32e.dll' (GetLastError=126)
LogWindows: File 'VtuneApi32e.dll' does not exist
LogInit: Display: Running engine for game: DungeonCrowl
LogPlatformFile: Not using cached read wrapper
LogInit: Display: RandInit(1157285542) SRandInit(1157285542).
LogTaskGraph: Started task graph with 5 named threads and 14 total threads with 3 sets of task threads.
LogStats: Stats thread started at 0.207026
LogD3D11RHI: Aftermath initialized
LogPluginManager: Mounting plugin Paper2D
LogPluginManager: Mounting plugin LightPropagationVolume
LogPluginManager: Mounting plugin CodeLiteSourceCodeAccess
LogPluginManager: Mounting plugin GitSourceControl
LogPluginManager: Mounting plugin KDevelopSourceCodeAccess
LogPluginManager: Mounting plugin NullSourceCodeAccess
LogPluginManager: Mounting plugin PerforceSourceControl
LogPluginManager: Mounting plugin SubversionSourceControl
LogPluginManager: Mounting plugin UObjectPlugin
LogPluginManager: Mounting plugin VisualStudioSourceCodeAccess
LogPluginManager: Mounting plugin XCodeSourceCodeAccess
LogPluginManager: Mounting plugin AssetManagerEditor
LogPluginManager: Mounting plugin AudioCapture
LogPluginManager: Mounting plugin FacialAnimation
LogPluginManager: Mounting plugin GameplayTagsEditor
LogPluginManager: Mounting plugin MobileLauncherProfileWizard
LogPluginManager: Mounting plugin PluginBrowser
LogPluginManager: Mounting plugin SpeedTreeImporter
LogPluginManager: Mounting plugin AlembicImporter
LogPluginManager: Mounting plugin CharacterAI
LogPluginManager: Mounting plugin HTML5Networking
LogPluginManager: Mounting plugin AndroidMedia
LogPluginManager: Mounting plugin AvfMedia
LogPluginManager: Mounting plugin MediaPlayerEditor
LogPluginManager: Mounting plugin WmfMedia
LogPluginManager: Mounting plugin TcpMessaging
LogPluginManager: Mounting plugin UdpMessaging
LogPluginManager: Mounting plugin LevelSequenceEditor
LogPluginManager: Mounting plugin MatineeToLevelSequence
LogPluginManager: Mounting plugin OnlineSubsystemGooglePlay
LogPluginManager: Mounting plugin OnlineSubsystemIOS
LogPluginManager: Mounting plugin OnlineSubsystem
LogPluginManager: Mounting plugin OnlineSubsystemNull
LogPluginManager: Mounting plugin OnlineSubsystemUtils
LogPluginManager: Mounting plugin AndroidDeviceProfileSelector
LogPluginManager: Mounting plugin AndroidMoviePlayer
LogPluginManager: Mounting plugin AndroidPermission
LogPluginManager: Mounting plugin AppleMoviePlayer
LogPluginManager: Mounting plugin ArchVisCharacter
LogPluginManager: Mounting plugin CableComponent
LogPluginManager: Mounting plugin CustomMeshComponent
LogPluginManager: Mounting plugin ExampleDeviceProfileSelector
LogPluginManager: Mounting plugin GoogleCloudMessaging
LogPluginManager: Mounting plugin ImmediatePhysics
LogPluginManager: Mounting plugin IOSDeviceProfileSelector
LogPluginManager: Mounting plugin LinuxDeviceProfileSelector
LogPluginManager: Mounting plugin LocationServicesBPLibrary
LogPluginManager: Mounting plugin MobilePatchingUtils
LogPluginManager: Mounting plugin OculusVR
LogPluginManager: Mounting plugin PhysXVehicles
LogPluginManager: Mounting plugin ProceduralMeshComponent
LogPluginManager: Mounting plugin RuntimePhysXCooking
LogPluginManager: Mounting plugin SteamVR
LogPluginManager: Mounting plugin WindowsMoviePlayer
LogInit: Using libcurl 7.47.1
LogInit:  - built for x86_64-pc-win32
LogInit:  - supports SSL with OpenSSL/1.0.2g
LogInit:  - supports HTTP deflate (compression) using libz 1.2.8
LogInit:  - other features:
LogInit:      CURL_VERSION_SSL
LogInit:      CURL_VERSION_LIBZ
LogInit:      CURL_VERSION_IPV6
LogInit:      CURL_VERSION_ASYNCHDNS
LogInit:      CURL_VERSION_LARGEFILE
LogInit:      CURL_VERSION_IDN
LogInit:  CurlRequestOptions (configurable via config and command line):
LogInit:  - bVerifyPeer = false  - Libcurl will NOT verify peer certificate
LogInit:  - bUseHttpProxy = false  - Libcurl will NOT use HTTP proxy
LogInit:  - bDontReuseConnections = false  - Libcurl will reuse connections
LogInit:  - CertBundlePath = nullptr  - Libcurl will use whatever was configured at build time.
LogInit: Build: ++UE4+Release-4.17-CL-3658906
LogInit: Engine Version: 4.17.2-3658906+++UE4+Release-4.17
LogInit: Compatible Engine Version: 4.17.0-3573198+++UE4+Release-4.17
LogInit: Net CL: 3573198
LogDevObjectVersion: Number of dev versions registered: 16
LogDevObjectVersion:   Dev-Blueprints (B0D832E4-1F89-4F0D-ACCF-7EB736FD4AA2): 10
LogDevObjectVersion:   Dev-Build (E1C64328-A22C-4D53-A36C-8E866417BD8C): 0
LogDevObjectVersion:   Dev-Core (375EC13C-06E4-48FB-B500-84F0262A717E): 2
LogDevObjectVersion:   Dev-Editor (E4B068ED-F494-42E9-A231-DA0B2E46BB41): 20
LogDevObjectVersion:   Dev-Framework (CFFC743F-43B0-4480-9391-14DF171D2073): 28
LogDevObjectVersion:   Dev-Mobile (B02B49B5-BB20-44E9-A304-32B752E40360): 0
LogDevObjectVersion:   Dev-Networking (A4E4105C-59A1-49B5-A7C5-40C4547EDFEE): 0
LogDevObjectVersion:   Dev-Online (39C831C9-5AE6-47DC-9A44-9C173E1C8E7C): 0
LogDevObjectVersion:   Dev-Physics (78F01B33-EBEA-4F98-B9B4-84EACCB95AA2): 0
LogDevObjectVersion:   Dev-Platform (6631380F-2D4D-43E0-8009-CF276956A95A): 0
LogDevObjectVersion:   Dev-Rendering (12F88B9F-8875-4AFC-A67C-D90C383ABD29): 19
LogDevObjectVersion:   Dev-Sequencer (7B5AE74C-D270-4C10-A958-57980B212A5A): 4
LogDevObjectVersion:   Dev-VR (D7296918-1DD6-4BDD-9DE2-64A83CC13884): 0
LogDevObjectVersion:   Dev-LoadTimes (C2A15278-BFE7-4AFE-6C17-90FF531DF755): 1
LogDevObjectVersion:   Private-Geometry (6EACA3D4-40EC-4CC1-B786-8BED09428FC5): 1
LogDevObjectVersion:   Dev-AnimPhys (29E575DD-E0A3-4627-9D10-D276232CDCEA): 7
LogInit: Compiled (64-bit): Sep 22 2017 13:47:16
LogInit: Compiled with Visual C++: 19.00.24215.01
LogInit: Build Configuration: Development
LogInit: Branch Name: ++UE4+Release-4.17
LogInit: Command line: -EpicPortal 
LogInit: Base directory: C:/Program Files (x86)/Epic Games/UE_4.17/Engine/Binaries/Win64/
LogInit: Installed Engine Build: 1
LogInit: Presizing for max 8388607 objects, including 0 objects not considered by GC, pre-allocating 0 bytes for permanent pool.
LogInit: Object subsystem initialized
[2017.12.21-05.36.31:063][  0]LogInit: Selected Device Profile: [Windows]
[2017.12.21-05.36.31:063][  0]LogInit: Applying CVar settings loaded from the selected device profile: [Windows]
[2017.12.21-05.36.31:092][  0]LogInit: Computer: DESKTOP-LT914LN
[2017.12.21-05.36.31:092][  0]LogInit: User: VictorWeidar
[2017.12.21-05.36.31:092][  0]LogInit: CPU Page size=4096, Cores=4
[2017.12.21-05.36.31:092][  0]LogInit: High frequency timer resolution =2.531250 MHz
[2017.12.21-05.36.31:092][  0]LogMemory: Memory total: Physical=15.9GB (16GB approx)
[2017.12.21-05.36.31:092][  0]LogMemory: Platform Memory Stats for Windows
[2017.12.21-05.36.31:092][  0]LogMemory: Process Physical Memory: 279.75 MB used, 279.75 MB peak
[2017.12.21-05.36.31:092][  0]LogMemory: Process Virtual Memory: 282.27 MB used, 282.27 MB peak
[2017.12.21-05.36.31:092][  0]LogMemory: Physical Memory: 6650.10 MB used,  9669.71 MB free, 16319.81 MB total
[2017.12.21-05.36.31:092][  0]LogMemory: Virtual Memory: 710.39 MB used,  9669.71 MB free, 134217728.00 MB total
[2017.12.21-05.36.31:334][  0]LogInit: Using OS detected language (en-GB).
[2017.12.21-05.36.31:334][  0]LogInit: Using OS detected locale (en-AU).
[2017.12.21-05.36.31:338][  0]LogTextLocalizationManager: No specific localization for 'en-GB' exists, so the 'en' localization will be used.
[2017.12.21-05.36.32:302][  0]LogD3D11RHI: D3D11 adapters:
[2017.12.21-05.36.32:374][  0]LogD3D11RHI:    0. 'NVIDIA GeForce GTX 1060' (Feature Level 11_0)
[2017.12.21-05.36.32:374][  0]LogD3D11RHI:       6084/0/8159 MB DedicatedVideo/DedicatedSystem/SharedSystem, Outputs:1, VendorId:0x10de
[2017.12.21-05.36.32:378][  0]LogD3D11RHI:    1. 'Microsoft Basic Render Driver' (Feature Level 11_0)
[2017.12.21-05.36.32:378][  0]LogD3D11RHI:       0/0/8159 MB DedicatedVideo/DedicatedSystem/SharedSystem, Outputs:0, VendorId:0x1414
[2017.12.21-05.36.32:378][  0]LogD3D11RHI: Chosen D3D11 Adapter: 0
[2017.12.21-05.36.32:386][  0]LogD3D11RHI: Creating new Direct3DDevice
[2017.12.21-05.36.32:386][  0]LogD3D11RHI:     GPU DeviceId: 0x1c60 (for the marketing name, search the web for "GPU Device Id")
[2017.12.21-05.36.32:386][  0]LogWindows: EnumDisplayDevices:
[2017.12.21-05.36.32:386][  0]LogWindows:    0. 'NVIDIA GeForce GTX 1060' (P:1 D:1)
[2017.12.21-05.36.32:387][  0]LogWindows:    1. 'NVIDIA GeForce GTX 1060' (P:0 D:0)
[2017.12.21-05.36.32:387][  0]LogWindows:    2. 'NVIDIA GeForce GTX 1060' (P:0 D:0)
[2017.12.21-05.36.32:387][  0]LogWindows:    3. 'NVIDIA GeForce GTX 1060' (P:0 D:0)
[2017.12.21-05.36.32:387][  0]LogWindows: DebugString: GetVideoDriverDetailsInvalid PrimaryIsNotTheChoosenAdapter GetVideoDriverDetailsInvalid PrimaryIsNotTheChoosenAdapter GetVideoDriverDetailsInvalid PrimaryIsNotTheChoosenAdapter GetVideoDriverDetailsInvalid PrimaryIsNotTheChoosenAdapter FoundDriverCount:0 
[2017.12.21-05.36.32:387][  0]LogD3D11RHI:     Adapter Name: NVIDIA GeForce GTX 1060
[2017.12.21-05.36.32:387][  0]LogD3D11RHI:   Driver Version: Unknown (internal:Unknown, unified:Unknown)
[2017.12.21-05.36.32:387][  0]LogD3D11RHI:      Driver Date: Unknown
[2017.12.21-05.36.32:387][  0]LogRHI: Texture pool is 1361 MB (70% of 1945 MB)
[2017.12.21-05.36.32:421][  0]LogD3D11RHI: Async texture creation enabled
[2017.12.21-05.36.32:435][  0]LogD3D11RHI: GPU Timing Frequency: 1000.000000 (Debug: 2 1)
[2017.12.21-05.36.32:436][  0]LogD3D11RHI: HDR output is supported on display 0 (NvId: 0x80061086).
[2017.12.21-05.36.32:437][  0]LogShaderCompilers: Guid format shader working directory is -40 characters bigger than the processId version (../../../../../../Users/Victor Weidar/Desktop/GameDev/Dungeon crOWL/DungeonCrowl/DungeonCrowl/Intermediate/Shaders/WorkingDirectory/19136/).
[2017.12.21-05.36.32:437][  0]LogShaderCompilers: Cleaned the shader compiler working directory 'C:/Users/Victor Weidar/AppData/Local/Temp/UnrealShaderWorkingDir/BF28F4274E17A25EE4959C89FE207C0C/'.
[2017.12.21-05.36.32:437][  0]LogShaderCompilers: Display: Using Local Shader Compiler.
[2017.12.21-05.36.33:652][  0]LogTemp: Display: Loaded TP AllDesktopTargetPlatform
[2017.12.21-05.36.33:732][  0]LogTemp: Display: Loaded TP MacClientTargetPlatform
[2017.12.21-05.36.33:811][  0]LogTemp: Display: Loaded TP MacNoEditorTargetPlatform
[2017.12.21-05.36.33:897][  0]LogTemp: Display: Loaded TP MacServerTargetPlatform
[2017.12.21-05.36.33:980][  0]LogTemp: Display: Loaded TP MacTargetPlatform
[2017.12.21-05.36.34:063][  0]LogTemp: Display: Loaded TP WindowsClientTargetPlatform
[2017.12.21-05.36.34:149][  0]LogTemp: Display: Loaded TP WindowsNoEditorTargetPlatform
[2017.12.21-05.36.34:241][  0]LogTemp: Display: Loaded TP WindowsServerTargetPlatform
[2017.12.21-05.36.34:320][  0]LogTemp: Display: Loaded TP WindowsTargetPlatform
[2017.12.21-05.36.34:407][  0]LogTemp: Display: Loaded TP AndroidTargetPlatform
[2017.12.21-05.36.34:484][  0]LogTemp: Display: Loaded TP Android_ASTCTargetPlatform
[2017.12.21-05.36.34:567][  0]LogTemp: Display: Loaded TP Android_ATCTargetPlatform
[2017.12.21-05.36.34:647][  0]LogTemp: Display: Loaded TP Android_DXTTargetPlatform
[2017.12.21-05.36.34:739][  0]LogTemp: Display: Loaded TP Android_ETC1TargetPlatform
[2017.12.21-05.36.34:828][  0]LogTemp: Display: Loaded TP Android_ETC2TargetPlatform
[2017.12.21-05.36.34:994][  0]LogTemp: Display: Loaded TP Android_MultiTargetPlatform
[2017.12.21-05.36.34:994][  0]LogTemp: Display: Loaded TP Android_PVRTCTargetPlatform
[2017.12.21-05.36.35:066][  0]LogTemp: Display: Loaded TP HTML5TargetPlatform
[2017.12.21-05.36.35:209][  0]LogTemp: Display: Loaded TP IOSTargetPlatform
[2017.12.21-05.36.35:255][  0]LogTemp: Display: Loaded TP TVOSTargetPlatform
[2017.12.21-05.36.35:344][  0]LogTemp: Display: Loaded TP LinuxClientTargetPlatform
[2017.12.21-05.36.35:429][  0]LogTemp: Display: Loaded TP LinuxNoEditorTargetPlatform
[2017.12.21-05.36.35:513][  0]LogTemp: Display: Loaded TP LinuxServerTargetPlatform
[2017.12.21-05.36.35:600][  0]LogTemp: Display: Loaded TP LinuxTargetPlatform
[2017.12.21-05.36.35:600][  0]LogTargetPlatformManager: Display: Building Assets For Windows
[2017.12.21-05.36.36:421][  0]LogDerivedDataCache: Display: Max Cache Size: 512 MB
[2017.12.21-05.36.36:541][  0]LogDerivedDataCache: Loaded boot cache 0.12s 93MB C:/Users/Victor Weidar/AppData/Local/UnrealEngine/4.17/DerivedDataCache/Boot.ddc.
[2017.12.21-05.36.36:542][  0]LogDerivedDataCache: Display: Loaded Boot cache: C:/Users/Victor Weidar/AppData/Local/UnrealEngine/4.17/DerivedDataCache/Boot.ddc
[2017.12.21-05.36.36:542][  0]LogDerivedDataCache: FDerivedDataBackendGraph:  Pak pak cache file ../../../../../../Users/Victor Weidar/Desktop/GameDev/Dungeon crOWL/DungeonCrowl/DungeonCrowl/DerivedDataCache/DDC.ddp not found, will not use a pak cache.
[2017.12.21-05.36.36:542][  0]LogDerivedDataCache: Unable to find inner node Pak for hierarchical cache Hierarchy.
[2017.12.21-05.36.36:542][  0]LogDerivedDataCache: FDerivedDataBackendGraph:  CompressedPak pak cache file ../../../../../../Users/Victor Weidar/Desktop/GameDev/Dungeon crOWL/DungeonCrowl/DungeonCrowl/DerivedDataCache/Compressed.ddp not found, will not use a pak cache.
[2017.12.21-05.36.36:542][  0]LogDerivedDataCache: Unable to find inner node CompressedPak for hierarchical cache Hierarchy.
[2017.12.21-05.36.36:562][  0]LogDerivedDataCache: Display: Pak cache opened for reading ../../../Engine/DerivedDataCache/Compressed.ddp.
[2017.12.21-05.36.36:575][  0]LogDerivedDataCache: Using Local data cache path C:/Users/Victor Weidar/AppData/Local/UnrealEngine/Common/DerivedDataCache: Writable
[2017.12.21-05.36.36:587][  0]LogMaterial: Verifying Global Shaders for PCD3D_SM5
[2017.12.21-05.36.36:588][  0]LogSlate: Using Freetype 2.6.0
[2017.12.21-05.36.36:588][  0]LogSlate: SlateFontCache - WITH_FREETYPE: 1, WITH_HARFBUZZ: 1
[2017.12.21-05.36.36:589][  0]LogSlate: SlateFontCache - WITH_FREETYPE: 1, WITH_HARFBUZZ: 1
[2017.12.21-05.36.36:947][  0]LogAssetRegistry: FAssetRegistry took 0.0285 seconds to start up
[2017.12.21-05.36.37:124][  0]LogInit: Selected Device Profile: [Windows]
[2017.12.21-05.36.37:331][  0]LogContentStreaming: Texture pool size is 0.00 MB
[2017.12.21-05.36.37:801][  0]LogSimplygon: Simplygon DLL not present - disabling.
[2017.12.21-05.36.37:872][  0]LogMeshReduction: Using SimplygonSwarm for distributed automatic mesh merging
[2017.12.21-05.36.37:872][  0]LogMeshReduction: Using QuadricMeshReduction for automatic static mesh reduction
[2017.12.21-05.36.37:872][  0]LogMeshReduction: No automatic skeletal mesh reduction module available
[2017.12.21-05.36.37:872][  0]LogMeshReduction: No automatic mesh merging module available
[2017.12.21-05.36.37:872][  0]LogMeshMerging: No automatic mesh merging module available
[2017.12.21-05.36.38:370][  0]LogNetVersion: DungeonCrowl , NetCL: 3573198, EngineNetVer: 2, GameNetVer: 0 (Checksum: 1959916665)
[2017.12.21-05.36.38:738][  0]LogPackageLocalizationCache: Processed 5 localized package path(s) for 2 prioritized culture(s) in 0.123184 seconds
[2017.12.21-05.36.38:744][  0]LogUObjectArray: 35825 objects as part of root set at end of initial load.
[2017.12.21-05.36.38:745][  0]LogUObjectAllocator: 7529104 out of 0 bytes used by permanent object pool.
[2017.12.21-05.36.38:745][  0]LogUObjectArray: CloseDisregardForGC: 0/0 objects in disregard for GC pool
[2017.12.21-05.36.38:835][  0]LogInit: WinSock: version 1.1 (2.2), MaxSocks=32767, MaxUdp=65467
[2017.12.21-05.36.42:507][  0]LogTcpMessaging: Initializing TcpMessaging bridge
[2017.12.21-05.36.42:561][  0]LogUdpMessaging: Initializing bridge on interface 0.0.0.0:0 to multicast group 230.0.0.1:6666.
[2017.12.21-05.36.43:550][  0]LogMaterial: Uniform references updated for custom material expression Custom.
[2017.12.21-05.36.44:173][  0]SourceControl: Source control is disabled
[2017.12.21-05.36.44:173][  0]SourceControl: Source control is disabled
[2017.12.21-05.36.44:250][  0]SourceControl: Source control is disabled
[2017.12.21-05.36.44:326][  0]SourceControl: Source control is disabled
[2017.12.21-05.36.45:271][  0]LogAndroidPermission: UAndroidPermissionCallbackProxy::GetInstance
[2017.12.21-05.36.45:665][  0]LogOcInput: OculusInput pre-init called
[2017.12.21-05.36.46:042][  0]LogEngine: Initializing Engine...
[2017.12.21-05.36.46:044][  0]LogHMD: Failed to initialize OpenVR with code 110
[2017.12.21-05.36.46:405][  0]LogStats: UGameplayTagsManager::ConstructGameplayTagTree: Construct from data asset -  0.000 s
[2017.12.21-05.36.46:405][  0]LogStats: UGameplayTagsManager::ConstructGameplayTagTree: GameplayTagTreeChangedEvent.Broadcast -  0.000 s
[2017.12.21-05.36.46:606][  0]LogAIModule: Creating AISystem for world Untitled
[2017.12.21-05.36.46:618][  0]LogInit: XAudio2 using 'Hörlurar på headset (Razer ManO'War 7.1)' : 2 channels at 48 kHz using 16 bits per sample (channel mask 0x3)
[2017.12.21-05.36.46:632][  0]LogInit: FAudioDevice initialized.
[2017.12.21-05.36.47:032][  0]LogDerivedDataCache: Saved boot cache 0.40s 93MB C:/Users/Victor Weidar/AppData/Local/UnrealEngine/4.17/DerivedDataCache/Boot.ddc.
[2017.12.21-05.36.47:051][  0]LogInit: Texture streaming: Enabled
[2017.12.21-05.36.47:233][  0]LogEngineSessionManager: EngineSessionManager initialized
[2017.12.21-05.36.47:606][  0]LogInit: Transaction tracking system initialized
[2017.12.21-05.36.48:105][  0]BlueprintLog: New page: Editor Load
[2017.12.21-05.36.49:589][  0]LocalizationService: Localization service is disabled
[2017.12.21-05.36.50:704][  0]LogConsoleResponse: Display: 
[2017.12.21-05.36.51:097][  0]LogCook: Display: Max memory allowance for cook 16384mb min free memory 0mb
[2017.12.21-05.36.51:097][  0]LogCook: Display: Mobile HDR setting 1
[2017.12.21-05.36.51:097][  0]LogGameplayTags: Display: UGameplayTagsManager::DoneAddingNativeTags. DelegateIsBound: 0
[2017.12.21-05.36.51:106][  0]LogFileCache: Scanning file cache for directory 'C:/Users/Victor Weidar/Desktop/GameDev/Dungeon crOWL/DungeonCrowl/DungeonCrowl/Content/' took 0.04s
[2017.12.21-05.36.52:774][  0]SourceControl: Source control is disabled
[2017.12.21-05.36.52:775][  0]Cmd: MAP LOAD FILE="../../../../../../Users/Victor Weidar/Desktop/GameDev/Dungeon crOWL/DungeonCrowl/DungeonCrowl/Content/StarterContent/Maps/Minimal_Default.umap" TEMPLATE=0 SHOWPROGRESS=1 FEATURELEVEL=3
[2017.12.21-05.36.52:804][  0]LightingResults: New page: Lighting Build
[2017.12.21-05.36.52:867][  0]MapCheck: New page: Map Check
[2017.12.21-05.36.52:867][  0]LightingResults: New page: Lighting Build
[2017.12.21-05.36.53:426][  0]LogAIModule: Creating AISystem for world Minimal_Default
[2017.12.21-05.36.53:455][  0]LogEditorServer: Finished looking for orphan Actors (0.000 secs)
[2017.12.21-05.36.53:471][  0]Cmd: MAP CHECKDEP NOCLEARLOG
[2017.12.21-05.36.53:576][  0]MapCheck: Map check complete: 0 Error(s), 0 Warning(s), took 104.796ms to complete.
[2017.12.21-05.36.53:576][  0]LogFileHelpers: Loading map 'Minimal_Default' took 0.802
[2017.12.21-05.36.53:661][  0]LogWindowsTextInputMethodSystem: Display: IME system now deactivated.
[2017.12.21-05.36.56:170][  0]LogTemp: Executing iPhonePackager certificates Engine -bundlename com.YourCompany.DungeonCrowl
[2017.12.21-05.36.56:170][  0]LogTemp: CWD: C:\Program Files (x86)\Epic Games\UE_4.17\Engine\Binaries\DotNET\IOS
[2017.12.21-05.36.56:170][  0]LogTemp: Initial Dir: C:\Program Files (x86)\Epic Games\UE_4.17
[2017.12.21-05.36.56:170][  0]LogTemp: Env CWD: C:\Program Files (x86)\Epic Games\UE_4.17\Engine\Binaries\DotNET\IOS
[2017.12.21-05.36.56:170][  0]LogTemp: BranchPath = DESKTOP-LT914LN/C/Program Files (x86)/Epic Games/UE_4.17/Engine/Binaries --- GameBranchPath = DESKTOP-LT914LN/C/Program Files (x86)/Epic Games/UE_4.17/Engine/Binaries
[2017.12.21-05.36.56:170][  0]LogTemp: IPP ERROR: Could not find provision directory 'C:\Users\Victor Weidar\AppData\Local/Apple Computer/MobileDevice/Provisioning Profiles/'.
[2017.12.21-05.36.56:170][  0]LogCollectionManager: Loaded 0 collections in 0.001772 seconds
[2017.12.21-05.36.56:326][  0]LogFileCache: Scanning file cache for directory 'C:/Users/Victor Weidar/Desktop/GameDev/Dungeon crOWL/DungeonCrowl/DungeonCrowl/Saved/Collections/' took 0.01s
[2017.12.21-05.36.56:326][  0]LogFileCache: Scanning file cache for directory 'C:/Users/Victor Weidar/Desktop/GameDev/Dungeon crOWL/DungeonCrowl/DungeonCrowl/Content/Developers/VictorWeidar/Collections/' took 0.01s
[2017.12.21-05.36.56:326][  0]LogFileCache: Scanning file cache for directory 'C:/Users/Victor Weidar/Desktop/GameDev/Dungeon crOWL/DungeonCrowl/DungeonCrowl/Content/Collections/' took 0.01s
[2017.12.21-05.36.56:326][  0]LogCollectionManager: Rebuilt the GUID cache for 0 collections in 0.000001 seconds
[2017.12.21-05.36.56:341][  0]LogContentBrowser: Native class hierarchy populated in 0.0106 seconds. Added 2386 classes and 500 folders.
[2017.12.21-05.36.56:469][  0]LogContentBrowser: Native class hierarchy updated for 'WidgetCarousel' in 0.0007 seconds. Added 0 classes and 0 folders.
[2017.12.21-05.36.57:072][  0]LogContentBrowser: Native class hierarchy updated for 'AddContentDialog' in 0.0007 seconds. Added 0 classes and 0 folders.
[2017.12.21-05.36.57:168][  0]LogContentBrowser: Native class hierarchy updated for 'SceneOutliner' in 0.0013 seconds. Added 1 classes and 2 folders.
[2017.12.21-05.36.57:339][  0]LogSlate: Took 0.000352 seconds to synchronously load lazily loaded font '../../../Engine/Content/Slate/Fonts/Roboto-Regular.ttf' (155K)
[2017.12.21-05.36.57:343][  0]LogSlate: Took 0.000447 seconds to synchronously load lazily loaded font '../../../Engine/Content/Slate/Fonts/Roboto-Bold.ttf' (160K)
[2017.12.21-05.36.57:369][  0]LogSlate: Took 0.012481 seconds to synchronously load lazily loaded font '../../../Engine/Content/Editor/Slate/Fonts/FontAwesome.ttf' (139K)
[2017.12.21-05.36.57:676][  0]LogRenderer: Reallocating scene render targets to support 1192x668 Format 10 NumSamples 1 (Frame:1).
[2017.12.21-05.36.58:062][  0]LogContentBrowser: Native class hierarchy updated for 'HierarchicalLODOutliner' in 0.0008 seconds. Added 1 classes and 2 folders.
[2017.12.21-05.36.58:063][  0]LogLoad: (Engine Initialization) Total time: 29.73 seconds
[2017.12.21-05.36.58:063][  0]LogLoad: (Engine Initialization) Total Blueprint compile time: 0.00 seconds
[2017.12.21-05.36.58:063][  0]LogExternalProfiler: Found external profiler: VSPerf
[2017.12.21-05.36.58:063][  0]LogExternalProfiler: Using external profiler: VSPerf
[2017.12.21-05.36.58:128][  0]LogContentStreaming: Texture pool size now 1000 MB
[2017.12.21-05.36.58:214][  1]LogAssetRegistry: Asset discovery search completed in 21.2895 seconds
[2017.12.21-05.36.58:217][  1]LogCollectionManager: Rebuilt the object cache for 0 collections in 0.000000 seconds (found 0 objects)
[2017.12.21-05.36.58:217][  1]LogCollectionManager: Fixed up redirectors for 0 collections in 0.000087 seconds (updated 0 objects)
[2017.12.21-05.37.02:390][ 94]LogSlate: Took 0.006077 seconds to synchronously load lazily loaded font '../../../Engine/Content/Slate/Fonts/Roboto-Light.ttf' (159K)
[2017.12.21-05.37.08:870][198]LogSlate: Took 0.000184 seconds to synchronously load lazily loaded font '../../../Engine/Content/Slate/Fonts/Roboto-Light.ttf' (159K)
[2017.12.21-05.37.08:898][198]LogAIModule: Creating AISystem for world Dungeontest
[2017.12.21-05.37.08:923][198]Cmd: MAP LOAD FILE="../../../../../../Users/Victor Weidar/Desktop/GameDev/Dungeon crOWL/DungeonCrowl/DungeonCrowl/Content/MyStuff/Levels/Dungeontest.umap" TEMPLATE=0 SHOWPROGRESS=1 FEATURELEVEL=3
[2017.12.21-05.37.08:923][198]LightingResults: New page: Lighting Build
[2017.12.21-05.37.08:924][198]LoadErrors: New page: Loading map: Dungeontest.umap
[2017.12.21-05.37.08:927][198]MapCheck: New page: Map Check
[2017.12.21-05.37.08:927][198]LightingResults: New page: Lighting Build
[2017.12.21-05.37.09:003][198]LogEditorServer: Finished looking for orphan Actors (0.000 secs)
[2017.12.21-05.37.09:045][198]Cmd: MAP CHECKDEP NOCLEARLOG
[2017.12.21-05.37.09:151][198]MapCheck: Map check complete: 0 Error(s), 0 Warning(s), took 106.118ms to complete.
[2017.12.21-05.37.09:152][198]LogFileHelpers: Loading map 'Dungeontest' took 0.231
[2017.12.21-05.37.14:986][534]Cmd: BRUSH ADD SELECTNEWBRUSH
[2017.12.21-05.44.54:641][ 78]LogEditorViewport: Clicking on Actor (LMB): BP_Sky_Sphere_C (BP_Sky_Sphere)
[2017.12.21-05.44.56:946][207]LogTemp: Repeating last play command: Selected Viewport
[2017.12.21-05.44.57:029][207]LogPlayLevel: PlayLevel: No blueprints needed recompiling
[2017.12.21-05.44.57:034][207]PIE: New page: PIE session: Dungeontest (22 Dec 2017 1:44:57 am)
[2017.12.21-05.44.57:035][207]LogPlayLevel: Creating play world package: /Game/MyStuff/Levels/UEDPIE_0_Dungeontest
[2017.12.21-05.44.57:041][207]LogPlayLevel: PIE: StaticDuplicateObject took: (0.005892s)
[2017.12.21-05.44.57:041][207]LogAIModule: Creating AISystem for world Dungeontest
[2017.12.21-05.44.57:042][207]LogPlayLevel: PIE: World Init took: (0.000814s)
[2017.12.21-05.44.57:043][207]LogPlayLevel: PIE: Created PIE world by copying editor world from /Game/MyStuff/Levels/Dungeontest.Dungeontest to /Game/MyStuff/Levels/UEDPIE_0_Dungeontest.Dungeontest (0.008360s)
[2017.12.21-05.44.57:058][207]LogInit: XAudio2 using 'Hörlurar på headset (Razer ManO'War 7.1)' : 2 channels at 48 kHz using 16 bits per sample (channel mask 0x3)
[2017.12.21-05.44.57:068][207]LogInit: FAudioDevice initialized.
[2017.12.21-05.44.57:124][207]LogLoad: Game class is 'GameModeBase'
[2017.12.21-05.44.57:138][207]LogWorld: Bringing World /Game/MyStuff/Levels/UEDPIE_0_Dungeontest.Dungeontest up for play (max tick rate 60) at 2017.12.21-15.44.57
[2017.12.21-05.44.57:140][207]LogWorld: Bringing up level for play took: 0.002280
[2017.12.21-05.44.57:232][207]LogContentBrowser: Native class hierarchy updated for 'MovieSceneCapture' in 0.0009 seconds. Added 11 classes and 0 folders.
[2017.12.21-05.44.57:240][207]PIE: Play in editor start time for /Game/MyStuff/Levels/UEDPIE_0_Dungeontest -0.48
[2017.12.21-05.45.15:114][262]LogSavePackage: Save=40.92ms
[2017.12.21-05.45.15:114][262]LogSavePackage: Moving '../../../../../../Users/Victor Weidar/Desktop/GameDev/Dungeon crOWL/DungeonCrowl/DungeonCrowl/Saved/Dungeontest12B3D50846F9B5C6753D7FA4A1E93E6B.tmp' to '../../../../../../Users/Victor Weidar/Desktop/GameDev/Dungeon crOWL/DungeonCrowl/DungeonCrowl/Content/MyStuff/Levels/Dungeontest.umap'
[2017.12.21-05.45.15:122][262]LogSavePackage: Display: Finished SavePackage ../../../../../../Users/Victor Weidar/Desktop/GameDev/Dungeon crOWL/DungeonCrowl/DungeonCrowl/Content/MyStuff/Levels/Dungeontest.umap
[2017.12.21-05.45.23:484][750]LogSlate: Took 0.000284 seconds to synchronously load lazily loaded font '../../../Engine/Content/Slate/Fonts/Roboto-Light.ttf' (159K)
[2017.12.21-06.18.22:391][771]LogEditorViewport: Clicking on Actor (LMB): BP_Sky_Sphere_C (BP_Sky_Sphere)
[2017.12.21-06.19.00:890][740]LogActorFactory: Actor Factory created Cube
[2017.12.21-06.19.01:520][775]LogActorFactory: Actor Factory created Cube
[2017.12.21-06.19.04:512][944]Cmd: POLY SELECT ALL
[2017.12.21-06.19.06:054][ 34]LogEditorViewport: Clicking on Actor (LMB): BP_Sky_Sphere_C (BP_Sky_Sphere)
[2017.12.21-06.19.07:908][137]LogEditorViewport: Clicking on Actor (LMB): StaticMeshActor (Cube)
[2017.12.21-06.19.09:501][228]Cmd: DUPLICATE
[2017.12.21-06.19.09:501][228]Cmd: ACTOR DUPLICATE
[2017.12.21-06.19.20:527][872]Cmd: DUPLICATE
[2017.12.21-06.19.20:527][872]Cmd: ACTOR DUPLICATE
[2017.12.21-06.19.27:021][249]LogEditorViewport: Clicking on Actor (LMB): BP_Sky_Sphere_C (BP_Sky_Sphere)
[2017.12.21-06.19.30:675][455]Cmd: CAMERA ALIGN ACTIVEVIEWPORTONLY
[2017.12.21-06.19.56:948][697]LogSlate: Took 0.008237 seconds to synchronously load lazily loaded font '../../../Engine/Content/Editor/Slate/Fonts/Roboto-Italic.ttf' (157K)
[2017.12.21-06.20.16:446][838]LogSavePackage: Save=33.92ms
[2017.12.21-06.20.16:446][838]LogSavePackage: Moving '../../../../../../Users/Victor Weidar/Desktop/GameDev/Dungeon crOWL/DungeonCrowl/DungeonCrowl/Saved/Dungeontest1704AF4641D8D7B5CDCDB488F264A031.tmp' to '../../../../../../Users/Victor Weidar/Desktop/GameDev/Dungeon crOWL/DungeonCrowl/DungeonCrowl/Content/MyStuff/Levels/Dungeontest.umap'
[2017.12.21-06.20.16:455][838]LogSavePackage: Display: Finished SavePackage ../../../../../../Users/Victor Weidar/Desktop/GameDev/Dungeon crOWL/DungeonCrowl/DungeonCrowl/Content/MyStuff/Levels/Dungeontest.umap
[2017.12.21-06.20.18:063][927]LogSavePackage: Save=30.80ms
[2017.12.21-06.20.18:063][927]LogSavePackage: Moving '../../../../../../Users/Victor Weidar/Desktop/GameDev/Dungeon crOWL/DungeonCrowl/DungeonCrowl/Saved/DungeontestC427301B42B5381F6337938213F1656C.tmp' to '../../../../../../Users/Victor Weidar/Desktop/GameDev/Dungeon crOWL/DungeonCrowl/DungeonCrowl/Content/MyStuff/Levels/Dungeontest.umap'
[2017.12.21-06.20.18:068][927]LogSavePackage: Display: Finished SavePackage ../../../../../../Users/Victor Weidar/Desktop/GameDev/Dungeon crOWL/DungeonCrowl/DungeonCrowl/Content/MyStuff/Levels/Dungeontest.umap
[2017.12.21-06.20.20:765][ 70]LogContentBrowser: Native class hierarchy updated for 'TextureEditor' in 0.0013 seconds. Added 1 classes and 2 folders.
[2017.12.21-06.20.31:873][716]LogEditorViewport: Clicking on Actor (LMB): StaticMeshActor (Cube2)
[2017.12.21-06.20.35:197][899]LogEditorViewport: Clicking on Actor (LMB): StaticMeshActor (Cube3)
[2017.12.21-06.20.37:041][  6]LogEditorViewport: Clicking on Actor (LMB): BP_Sky_Sphere_C (BP_Sky_Sphere)
[2017.12.21-06.20.42:292][313]MapCheck: New page: Map Check
[2017.12.21-06.20.42:308][313]Cmd: MAP REBUILD ALLVISIBLE
[2017.12.21-06.20.42:308][313]LogEditorServer: Rebuildmap Clear paths rebuilt
[2017.12.21-06.20.42:492][313]LogMaterial: Missing cached shader map for material FDebugViewModeMaterialProxy MaterialInstanceDynamic_4, compiling. 
[2017.12.21-06.20.42:512][313]LogMaterial: Missing cached shader map for material FDebugViewModeMaterialProxy BasicShapeMaterial, compiling. 
[2017.12.21-06.20.43:431][313]TextureStreamingBuild: Display: Compiling optional shaders took 0.946 seconds.
[2017.12.21-06.20.43:440][313]LogLevel: Display: Export Material TexCoord Scales took 0.009 seconds.
[2017.12.21-06.20.43:445][313]TextureStreamingBuild: Display: Build Texture Streaming took 0.004 seconds.
[2017.12.21-06.20.43:456][313]LightingResults: New page: Lighting Build - 22 Dec 2017 2:20:43 am
[2017.12.21-06.20.43:548][313]LogSwarmInterface: [OpenConnection] Registering TCP channel ...
[2017.12.21-06.20.43:649][313]LogSwarmInterface: [OpenConnection] Connecting to agent ...
[2017.12.21-06.20.43:672][313]LogSwarmInterface: [TryOpenConnection] Testing the Agent
[2017.12.21-06.20.45:268][313]LogSwarmInterface: [TryOpenConnection] Opening Connection to Agent
[2017.12.21-06.20.45:268][313]LogSwarmInterface: [TryOpenConnection] Local Process ID is 19136
[2017.12.21-06.20.48:264][313]LogStaticLightingSystem: Warning: No importance volume found, so the scene bounding box was used.  You can optimize your scene's quality and lighting build times by adding importance volumes.
[2017.12.21-06.20.48:266][313]LogStaticLightingSystem: Running Lightmass w/ ImmediateImport mode ENABLED
[2017.12.21-06.20.48:266][313]LogStaticLightingSystem: Running Lightmass w/ ImmediateProcess mode ENABLED
[2017.12.21-06.20.48:266][313]LogStaticLightingSystem: Running Lightmass w/ Sorting mode ENABLED
[2017.12.21-06.20.48:267][313]LogStaticLightingSystem: Running Lightmass w/ Mapping paddings ENABLED
[2017.12.21-06.20.48:267][313]LogStaticLightingSystem: Running Lightmass w/ Mapping debug paddings DISABLED
[2017.12.21-06.20.48:462][313]Cmd: MAP CHECK DONTDISPLAYDIALOG
[2017.12.21-06.20.48:462][313]MapCheck: New page: Dungeontest - 22 Dec 2017 2:20:48 am
[2017.12.21-06.20.48:471][313]MapCheck: Error: WorldSettings Maps need lighting rebuilt 
[2017.12.21-06.20.48:623][313]MapCheck: Map check complete: 1 Error(s), 0 Warning(s), took 161.128ms to complete.
[2017.12.21-06.20.48:647][313]LogEditorBuildUtils: Build time 0:06
[2017.12.21-06.20.48:685][313]LogMaterial: Missing cached shader map for material FLightmassMaterialRenderer MaterialInstanceDynamic_4, compiling. 
[2017.12.21-06.20.48:696][313]LogMaterial: Missing cached shader map for material FLightmassMaterialRenderer MaterialInstanceDynamic_4, compiling. 
[2017.12.21-06.20.48:799][314]LogMaterial: Missing cached shader map for material FLightmassMaterialRenderer BasicShapeMaterial, compiling. 
[2017.12.21-06.20.48:807][314]LogMaterial: Missing cached shader map for material FLightmassMaterialRenderer BasicShapeMaterial, compiling. 
[2017.12.21-06.20.52:133][323]Job is a success!
[2017.12.21-06.20.52:768][324]LogTexture: Display: Building textures: SkyOcclusion0_1 (AutoDXT, 1024X512)
[2017.12.21-06.20.52:769][324]LogTexture: Display: Building textures: HQ_Lightmap0_1 (AutoDXT, 1024X1024)
[2017.12.21-06.20.52:769][324]LogTexture: Display: Building textures: LQ_Lightmap_0_1 (DXT1, 1024X1024)
[2017.12.21-06.20.52:769][324]LogTexture: Display: Building textures: HQ_Lightmap0_2 (AutoDXT, 256X256)
[2017.12.21-06.20.52:769][324]LogTexture: Display: Building textures: SkyOcclusion0_2 (AutoDXT, 256X128)
[2017.12.21-06.20.52:769][324]LogTexture: Display: Building textures: LQ_Lightmap_0_2 (DXT1, 256X256)
[2017.12.21-06.20.52:769][324]LogTexture: Display: Building textures: SkyOcclusion0_3 (AutoDXT, 64X32)
[2017.12.21-06.20.52:769][324]LogTexture: Display: Building textures: HQ_Lightmap0_3 (AutoDXT, 64X64)
[2017.12.21-06.20.52:769][324]LogTexture: Display: Building textures: LQ_Lightmap_0_3 (DXT1, 64X64)
[2017.12.21-06.20.52:844][324]LogTexture: Display: Building textures: ShadowMapTexture2D_1 (G8, 256X64)
[2017.12.21-06.20.52:845][324]LogTexture: Display: Building textures: ShadowMapTexture2D_2 (G8, 32X32)
[2017.12.21-06.20.52:845][324]LogTexture: Display: Building textures: ShadowMapTexture2D_0 (G8, 128X512)
[2017.12.21-06.20.52:878][324]Lightmass on DESKTOP-LT914LN: 1.57 sec total, 149 ms importing, 26 ms setup, 285 ms photons, 1.07 sec processing, 0 ms extra exporting [10/10 mappings]. Threads: 7.36 sec total, 724 ms processing.
[2017.12.21-06.20.52:904][324]LogStaticLightingSystem: Illumination: 9.11 sec (229 ms encoding lightmaps, 68 ms encoding shadowmaps)
[2017.12.21-06.20.52:904][324]LogStaticLightingSystem: Lightmap texture memory:  2.8 MB (0.2 MB streaming, 2.7 MB non-streaming), 6 textures
[2017.12.21-06.20.52:904][324]LogStaticLightingSystem: Shadowmap texture memory: 0.1 MB (0.0 MB streaming, 0.1 MB non-streaming), 3 textures
[2017.12.21-06.20.53:279][324]DumpUnbuiltLightIteractions
[2017.12.21-06.20.53:279][324]Lights with unbuilt interactions: 0
[2017.12.21-06.20.53:279][324]
[2017.12.21-06.20.53:279][324]Primitives with unbuilt interactions: 0
[2017.12.21-06.20.53:287][325]Cmd: MAP CHECK NOTIFYRESULTS
[2017.12.21-06.20.53:287][325]MapCheck: New page: Dungeontest - 22 Dec 2017 2:20:53 am
[2017.12.21-06.20.53:382][325]MapCheck: Map check complete: 0 Error(s), 0 Warning(s), took 94.646ms to complete.
[2017.12.21-06.21.30:189][507]SourceControl: On branch master
[2017.12.21-06.21.30:190][507]SourceControl: Your branch is up-to-date with 'origin/master'.
[2017.12.21-06.21.30:190][507]SourceControl: Untracked files:
[2017.12.21-06.21.30:190][507]SourceControl:   (use "git add <file>..." to include in what will be committed)
[2017.12.21-06.21.30:190][507]SourceControl: 	DungeonCrowl/
[2017.12.21-06.21.30:190][507]SourceControl: nothing added to commit but untracked files present (use "git add" to track)
[2017.12.21-06.21.54:079][919]LogSavePackage: Save=27.93ms
[2017.12.21-06.21.54:079][919]LogSavePackage: Moving '../../../../../../Users/Victor Weidar/Desktop/GameDev/Dungeon crOWL/DungeonCrowl/DungeonCrowl/Saved/DungeontestC2514665411056087A83D9A83928BA0D.tmp' to '../../../../../../Users/Victor Weidar/Desktop/GameDev/Dungeon crOWL/DungeonCrowl/DungeonCrowl/Content/MyStuff/Levels/Dungeontest.umap'
[2017.12.21-06.21.54:086][919]LogSavePackage: Display: Finished SavePackage ../../../../../../Users/Victor Weidar/Desktop/GameDev/Dungeon crOWL/DungeonCrowl/DungeonCrowl/Content/MyStuff/Levels/Dungeontest.umap
[2017.12.21-06.21.54:127][919]LogFileHelpers: Saving map 'Dungeontest' took 0.185
[2017.12.21-06.21.54:211][919]LogSavePackage: Save=75.49ms
[2017.12.21-06.21.54:212][919]LogSavePackage: Moving '../../../../../../Users/Victor Weidar/Desktop/GameDev/Dungeon crOWL/DungeonCrowl/DungeonCrowl/Saved/Dungeontest_BuiltData3FE79F6F46A9E71C3B68A59336C40B99.tmp' to '../../../../../../Users/Victor Weidar/Desktop/GameDev/Dungeon crOWL/DungeonCrowl/DungeonCrowl/Content/MyStuff/Levels/Dungeontest_BuiltData.uasset'
[2017.12.21-06.21.54:218][919]LogSavePackage: Display: Finished SavePackage ../../../../../../Users/Victor Weidar/Desktop/GameDev/Dungeon crOWL/DungeonCrowl/DungeonCrowl/Content/MyStuff/Levels/Dungeontest_BuiltData.uasset
[2017.12.21-06.21.54:371][919]SourceControl: Error: The following paths are ignored by one of your .gitignore files:
[2017.12.21-06.21.54:371][919]SourceControl: Error: DungeonCrowl/Content/MyStuff/Levels/Dungeontest_BuiltData.uasset
[2017.12.21-06.21.54:371][919]SourceControl: Error: Use -f if you really want to add them.
[2017.12.21-06.21.55:460][978]LogWindowsTextInputMethodSystem: Display: IME system now deactivated.
[2017.12.21-06.21.55:716][979]Cmd: QUIT_EDITOR
[2017.12.21-06.21.56:586][979]LogExit: Preparing to exit.
[2017.12.21-06.21.57:764][979]LogDirectoryWatcher: A directory notification for 'C:/Users/Victor Weidar/Desktop/GameDev/Dungeon crOWL/DungeonCrowl/DungeonCrowl/Content/' was aborted.
[2017.12.21-06.21.57:790][979]LogExit: Editor shut down
[2017.12.21-06.21.57:796][979]LogExit: Transaction tracking system shut down
[2017.12.21-06.21.58:089][979]LogDirectoryWatcher: A directory notification for '../../../Engine/Content/' was aborted.
[2017.12.21-06.21.58:090][979]LogDirectoryWatcher: A directory notification for '../../../../../../Users/Victor Weidar/Desktop/GameDev/Dungeon crOWL/DungeonCrowl/DungeonCrowl/Content/' was aborted.
[2017.12.21-06.21.58:090][979]LogDirectoryWatcher: A directory notification for '../../../Engine/Plugins/2D/Paper2D/Content/' was aborted.
[2017.12.21-06.21.58:090][979]LogDirectoryWatcher: A directory notification for '../../../Engine/Plugins/Runtime/Oculus/OculusVR/Content/' was aborted.
[2017.12.21-06.21.58:090][979]LogDirectoryWatcher: A directory notification for '../../../Engine/Plugins/Runtime/Steam/SteamVR/Content/' was aborted.
[2017.12.21-06.21.58:244][979]LogExit: Object subsystem successfully closed.
[2017.12.21-06.21.58:286][979]LogD3D11RHI: Shutdown
[2017.12.21-06.21.58:286][979]LogD3D11RHI: CleanupD3DDevice
[2017.12.21-06.21.58:290][979]LogD3D11RHI: ~FD3D11DynamicRHI
[2017.12.21-06.21.58:349][979]LogModuleManager: Shutting down and abandoning module HierarchicalLODUtilities (538)
[2017.12.21-06.21.58:349][979]LogModuleManager: Shutting down and abandoning module TextureEditor (536)
[2017.12.21-06.21.58:349][979]LogModuleManager: Shutting down and abandoning module MovieSceneCapture (534)
[2017.12.21-06.21.58:349][979]LogModuleManager: Shutting down and abandoning module HierarchicalLODOutliner (532)
[2017.12.21-06.21.58:349][979]LogModuleManager: Shutting down and abandoning module SceneOutliner (530)
[2017.12.21-06.21.58:350][979]LogModuleManager: Shutting down and abandoning module AddContentDialog (528)
[2017.12.21-06.21.58:350][979]LogDirectoryWatcher: A directory notification for 'C:/Program Files (x86)/Epic Games/UE_4.17/FeaturePacks/' was aborted.
[2017.12.21-06.21.58:352][979]LogModuleManager: Shutting down and abandoning module WidgetCarousel (527)
[2017.12.21-06.21.58:352][979]LogModuleManager: Shutting down and abandoning module EditorWidgets (524)
[2017.12.21-06.21.58:352][979]LogModuleManager: Shutting down and abandoning module CollectionManager (522)
[2017.12.21-06.21.58:353][979]LogDirectoryWatcher: A directory notification for 'C:/Users/Victor Weidar/Desktop/GameDev/Dungeon crOWL/DungeonCrowl/DungeonCrowl/Content/Collections/' was aborted.
[2017.12.21-06.21.58:353][979]LogDirectoryWatcher: A directory notification for 'C:/Users/Victor Weidar/Desktop/GameDev/Dungeon crOWL/DungeonCrowl/DungeonCrowl/Content/Developers/VictorWeidar/Collections/' was aborted.
[2017.12.21-06.21.58:353][979]LogDirectoryWatcher: A directory notification for 'C:/Users/Victor Weidar/Desktop/GameDev/Dungeon crOWL/DungeonCrowl/DungeonCrowl/Saved/Collections/' was aborted.
[2017.12.21-06.21.58:353][979]LogModuleManager: Shutting down and abandoning module ExternalImagePicker (520)
[2017.12.21-06.21.58:353][979]LogModuleManager: Shutting down and abandoning module StatsViewer (518)
[2017.12.21-06.21.58:353][979]LogModuleManager: Shutting down and abandoning module FoliageEdit (516)
[2017.12.21-06.21.58:353][979]LogModuleManager: Shutting down and abandoning module LandscapeEditor (514)
[2017.12.21-06.21.58:354][979]LogModuleManager: Shutting down and abandoning module MeshPaintMode (512)
[2017.12.21-06.21.58:354][979]LogModuleManager: Shutting down and abandoning module SceneDepthPickerMode (510)
[2017.12.21-06.21.58:354][979]LogModuleManager: Shutting down and abandoning module ActorPickerMode (508)
[2017.12.21-06.21.58:354][979]LogModuleManager: Shutting down and abandoning module GeometryMode (506)
[2017.12.21-06.21.58:354][979]LogModuleManager: Shutting down and abandoning module TextureAlignMode (504)
[2017.12.21-06.21.58:354][979]LogModuleManager: Shutting down and abandoning module BspMode (502)
[2017.12.21-06.21.58:354][979]LogModuleManager: Shutting down and abandoning module PIEPreviewDeviceProfileSelector (500)
[2017.12.21-06.21.58:354][979]LogModuleManager: Shutting down and abandoning module HardwareSurvey (498)
[2017.12.21-06.21.58:354][979]LogModuleManager: Shutting down and abandoning module SequenceRecorderSections (496)
[2017.12.21-06.21.58:355][979]LogModuleManager: Shutting down and abandoning module AutomationWorker (494)
[2017.12.21-06.21.58:355][979]LogModuleManager: Shutting down and abandoning module MatineeToLevelSequence (492)
[2017.12.21-06.21.58:356][979]LogModuleManager: Shutting down and abandoning module LevelSequenceEditor (490)
[2017.12.21-06.21.58:359][979]LogModuleManager: Shutting down and abandoning module PlacementMode (489)
[2017.12.21-06.21.58:359][979]LogModuleManager: Shutting down and abandoning module WmfMediaFactory (486)
[2017.12.21-06.21.58:359][979]LogModuleManager: Shutting down and abandoning module WmfMediaEditor (484)
[2017.12.21-06.21.58:359][979]LogModuleManager: Shutting down and abandoning module AvfMediaFactory (482)
[2017.12.21-06.21.58:359][979]LogModuleManager: Shutting down and abandoning module AvfMediaEditor (480)
[2017.12.21-06.21.58:359][979]LogModuleManager: Shutting down and abandoning module AndroidMediaFactory (478)
[2017.12.21-06.21.58:359][979]LogModuleManager: Shutting down and abandoning module Media (477)
[2017.12.21-06.21.58:359][979]LogModuleManager: Shutting down and abandoning module AndroidMediaEditor (474)
[2017.12.21-06.21.58:359][979]LogModuleManager: Shutting down and abandoning module CharacterAI (472)
[2017.12.21-06.21.58:359][979]LogModuleManager: Shutting down and abandoning module AudioCapture (470)
[2017.12.21-06.21.58:359][979]LogModuleManager: Shutting down and abandoning module SequenceRecorder (469)
[2017.12.21-06.21.58:359][979]LogModuleManager: Shutting down and abandoning module SmartSnapping (466)
[2017.12.21-06.21.58:359][979]LogModuleManager: Shutting down and abandoning module SessionServices (464)
[2017.12.21-06.21.58:359][979]LogModuleManager: Shutting down and abandoning module ViewportSnapping (462)
[2017.12.21-06.21.58:359][979]LogModuleManager: Shutting down and abandoning module ViewportInteraction (460)
[2017.12.21-06.21.58:359][979]LogModuleManager: Shutting down and abandoning module ClothPainter (458)
[2017.12.21-06.21.58:361][979]LogModuleManager: Shutting down and abandoning module LogVisualizer (456)
[2017.12.21-06.21.58:362][979]LogModuleManager: Shutting down and abandoning module IntroTutorials (454)
[2017.12.21-06.21.58:364][979]LogModuleManager: Shutting down and abandoning module GameProjectGeneration (453)
[2017.12.21-06.21.58:365][979]LogModuleManager: Shutting down and abandoning module IOSPlatformEditor (450)
[2017.12.21-06.21.58:365][979]LogModuleManager: Shutting down and abandoning module HTML5PlatformEditor (448)
[2017.12.21-06.21.58:365][979]LogModuleManager: Shutting down and abandoning module AndroidPlatformEditor (446)
[2017.12.21-06.21.58:366][979]LogModuleManager: Shutting down and abandoning module AndroidDeviceDetection (445)
[2017.12.21-06.21.59:327][979]LogModuleManager: Shutting down and abandoning module WindowsPlatformEditor (442)
[2017.12.21-06.21.59:328][979]LogModuleManager: Shutting down and abandoning module IOSRuntimeSettings (440)
[2017.12.21-06.21.59:328][979]LogModuleManager: Shutting down and abandoning module AndroidRuntimeSettings (438)
[2017.12.21-06.21.59:328][979]LogModuleManager: Shutting down and abandoning module InputBindingEditor (436)
[2017.12.21-06.21.59:328][979]LogModuleManager: Shutting down and abandoning module MergeActors (434)
[2017.12.21-06.21.59:329][979]LogModuleManager: Shutting down and abandoning module SizeMap (432)
[2017.12.21-06.21.59:329][979]LogModuleManager: Shutting down and abandoning module TreeMap (430)
[2017.12.21-06.21.59:330][979]LogModuleManager: Shutting down and abandoning module ReferenceViewer (428)
[2017.12.21-06.21.59:330][979]LogModuleManager: Shutting down and abandoning module LocalizationDashboard (426)
[2017.12.21-06.21.59:331][979]LogModuleManager: Shutting down and abandoning module LocalizationService (425)
[2017.12.21-06.21.59:331][979]LogModuleManager: Shutting down and abandoning module HardwareTargeting (422)
[2017.12.21-06.21.59:331][979]LogModuleManager: Shutting down and abandoning module DeviceProfileEditor (420)
[2017.12.21-06.21.59:331][979]LogModuleManager: Shutting down and abandoning module UndoHistory (418)
[2017.12.21-06.21.59:332][979]LogModuleManager: Shutting down and abandoning module XmlParser (416)
[2017.12.21-06.21.59:332][979]LogModuleManager: Shutting down and abandoning module Blutility (414)
[2017.12.21-06.21.59:332][979]LogModuleManager: Shutting down and abandoning module ProjectSettingsViewer (412)
[2017.12.21-06.21.59:332][979]LogModuleManager: Shutting down and abandoning module ProjectTargetPlatformEditor (411)
[2017.12.21-06.21.59:332][979]LogModuleManager: Shutting down and abandoning module EditorSettingsViewer (408)
[2017.12.21-06.21.59:332][979]LogModuleManager: Shutting down and abandoning module SettingsEditor (406)
[2017.12.21-06.21.59:333][979]LogModuleManager: Shutting down and abandoning module ProjectLauncher (404)
[2017.12.21-06.21.59:333][979]LogModuleManager: Shutting down and abandoning module SessionFrontend (402)
[2017.12.21-06.21.59:333][979]LogModuleManager: Shutting down and abandoning module ProfilerClient (400)
[2017.12.21-06.21.59:334][979]LogModuleManager: Shutting down and abandoning module DeviceManager (398)
[2017.12.21-06.21.59:335][979]LogModuleManager: Shutting down and abandoning module TargetDeviceServices (397)
[2017.12.21-06.21.59:390][979]LogModuleManager: Shutting down and abandoning module AutomationController (394)
[2017.12.21-06.21.59:391][979]LogModuleManager: Shutting down and abandoning module AutomationWindow (392)
[2017.12.21-06.21.59:393][979]LogModuleManager: Shutting down and abandoning module Layers (390)
[2017.12.21-06.21.59:395][979]LogModuleManager: Shutting down and abandoning module ComponentVisualizers (388)
[2017.12.21-06.21.59:396][979]LogModuleManager: Shutting down and abandoning module DetailCustomizations (386)
[2017.12.21-06.21.59:396][979]LogModuleManager: Shutting down and abandoning module PackagesDialog (384)
[2017.12.21-06.21.59:397][979]LogModuleManager: Shutting down and abandoning module Persona (382)
[2017.12.21-06.21.59:398][979]LogModuleManager: Shutting down and abandoning module AdvancedPreviewScene (381)
[2017.12.21-06.21.59:399][979]LogModuleManager: Shutting down and abandoning module AnimGraph (379)
[2017.12.21-06.21.59:399][979]LogModuleManager: Shutting down and abandoning module Kismet (376)
[2017.12.21-06.21.59:400][979]LogModuleManager: Shutting down and abandoning module ClassViewer (374)
[2017.12.21-06.21.59:402][979]LogModuleManager: Shutting down and abandoning module Toolbox (372)
[2017.12.21-06.21.59:402][979]LogModuleManager: Shutting down and abandoning module ModuleUI (370)
[2017.12.21-06.21.59:403][979]LogModuleManager: Shutting down and abandoning module MovieSceneTools (368)
[2017.12.21-06.21.59:404][979]LogModuleManager: Shutting down and abandoning module OutputLog (366)
[2017.12.21-06.21.59:405][979]LogModuleManager: Shutting down and abandoning module GammaUI (364)
[2017.12.21-06.21.59:405][979]LogModuleManager: Shutting down and abandoning module Documentation (362)
[2017.12.21-06.21.59:405][979]LogModuleManager: Shutting down and abandoning module MovieSceneTracks (360)
[2017.12.21-06.21.59:405][979]LogModuleManager: Shutting down and abandoning module MovieScene (358)
[2017.12.21-06.21.59:405][979]LogModuleManager: Shutting down and abandoning module Niagara (356)
[2017.12.21-06.21.59:405][979]LogModuleManager: Shutting down and abandoning module NiagaraEditor (355)
[2017.12.21-06.21.59:407][979]LogModuleManager: Shutting down and abandoning module StreamingPauseRendering (352)
[2017.12.21-06.21.59:407][979]LogModuleManager: Shutting down and abandoning module LauncherPlatform (350)
[2017.12.21-06.21.59:407][979]LogModuleManager: Shutting down and abandoning module AnalyticsET (348)
[2017.12.21-06.21.59:407][979]LogModuleManager: Shutting down and abandoning module PortalServices (346)
[2017.12.21-06.21.59:407][979]LogModuleManager: Shutting down and abandoning module PortalRpc (344)
[2017.12.21-06.21.59:407][979]LogModuleManager: Shutting down and abandoning module MessagingRpc (342)
[2017.12.21-06.21.59:407][979]LogModuleManager: Shutting down and abandoning module AIModule (340)
[2017.12.21-06.21.59:407][979]LogModuleManager: Shutting down and abandoning module GameplayDebugger (339)
[2017.12.21-06.21.59:407][979]LogModuleManager: Shutting down and abandoning module AITestSuite (337)
[2017.12.21-06.21.59:408][979]LogModuleManager: Shutting down and abandoning module ProfilerService (334)
[2017.12.21-06.21.59:494][979]LogModuleManager: Shutting down and abandoning module TaskGraph (332)
[2017.12.21-06.21.59:495][979]LogModuleManager: Shutting down and abandoning module SteamVRController (330)
[2017.12.21-06.21.59:495][979]LogModuleManager: Shutting down and abandoning module ProceduralMeshComponentEditor (328)
[2017.12.21-06.21.59:495][979]LogModuleManager: Shutting down and abandoning module ProceduralMeshComponent (326)
[2017.12.21-06.21.59:495][979]LogModuleManager: Shutting down and abandoning module OculusInput (324)
[2017.12.21-06.21.59:496][979]LogModuleManager: Shutting down and abandoning module MobilePatchingUtils (322)
[2017.12.21-06.21.59:496][979]LogModuleManager: Shutting down and abandoning module CustomMeshComponent (320)
[2017.12.21-06.21.59:496][979]LogModuleManager: Shutting down and abandoning module CableComponent (318)
[2017.12.21-06.21.59:496][979]LogModuleManager: Shutting down and abandoning module ArchVisCharacter (316)
[2017.12.21-06.21.59:496][979]LogModuleManager: Shutting down and abandoning module AndroidPermission (314)
[2017.12.21-06.21.59:496][979]LogModuleManager: Shutting down and abandoning module MediaPlayerEditor (310)
[2017.12.21-06.21.59:498][979]LogModuleManager: Shutting down and abandoning module HTML5Networking (308)
[2017.12.21-06.21.59:498][979]LogModuleManager: Shutting down and abandoning module AlembicImporter (306)
[2017.12.21-06.21.59:499][979]LogModuleManager: Shutting down and abandoning module AlembicLibrary (305)
[2017.12.21-06.21.59:499][979]LogModuleManager: Shutting down and abandoning module GeometryCache (304)
[2017.12.21-06.21.59:499][979]LogModuleManager: Shutting down and abandoning module GeometryCacheEd (303)
[2017.12.21-06.21.59:499][979]LogModuleManager: Shutting down and abandoning module SpeedTreeImporter (298)
[2017.12.21-06.21.59:499][979]LogModuleManager: Shutting down and abandoning module PluginBrowser (296)
[2017.12.21-06.21.59:501][979]LogModuleManager: Shutting down and abandoning module MobileLauncherProfileWizard (294)
[2017.12.21-06.21.59:502][979]LogModuleManager: Shutting down and abandoning module VisualStudioSourceCodeAccess (292)
[2017.12.21-06.21.59:502][979]LogModuleManager: Shutting down and abandoning module DesktopPlatform (291)
[2017.12.21-06.21.59:503][979]LogModuleManager: Shutting down and abandoning module UObjectPlugin (288)
[2017.12.21-06.21.59:503][979]LogModuleManager: Shutting down and abandoning module SubversionSourceControl (286)
[2017.12.21-06.21.59:503][979]LogModuleManager: Shutting down and abandoning module PerforceSourceControl (284)
[2017.12.21-06.21.59:505][979]LogModuleManager: Shutting down and abandoning module GitSourceControl (282)
[2017.12.21-06.21.59:505][979]LogModuleManager: Shutting down and abandoning module SourceControl (281)
[2017.12.21-06.21.59:505][979]LogModuleManager: Shutting down and abandoning module LightPropagationVolumeEditor (278)
[2017.12.21-06.21.59:505][979]LogModuleManager: Shutting down and abandoning module PaperTiledImporter (276)
[2017.12.21-06.21.59:505][979]LogModuleManager: Shutting down and abandoning module PaperSpriteSheetImporter (274)
[2017.12.21-06.21.59:505][979]LogModuleManager: Shutting down and abandoning module Paper2DEditor (272)
[2017.12.21-06.21.59:506][979]LogModuleManager: Shutting down and abandoning module MeshPaint (271)
[2017.12.21-06.21.59:506][979]LogModuleManager: Shutting down and abandoning module LevelEditor (269)
[2017.12.21-06.21.59:507][979]LogModuleManager: Shutting down and abandoning module PixelInspectorModule (268)
[2017.12.21-06.21.59:508][979]LogModuleManager: Shutting down and abandoning module MainFrame (266)
[2017.12.21-06.21.59:508][979]LogModuleManager: Shutting down and abandoning module HotReload (265)
[2017.12.21-06.21.59:509][979]LogModuleManager: Shutting down and abandoning module RuntimePhysXCooking (260)
[2017.12.21-06.21.59:510][979]LogModuleManager: Shutting down and abandoning module PhysXVehiclesEditor (258)
[2017.12.21-06.21.59:510][979]LogModuleManager: Shutting down and abandoning module PhysXVehicles (256)
[2017.12.21-06.21.59:510][979]LogModuleManager: Shutting down and abandoning module OculusEditor (254)
[2017.12.21-06.21.59:510][979]LogModuleManager: Shutting down and abandoning module LocationServicesBPLibrary (252)
[2017.12.21-06.21.59:510][979]LogModuleManager: Shutting down and abandoning module ImmediatePhysicsEditor (250)
[2017.12.21-06.21.59:510][979]LogModuleManager: Shutting down and abandoning module ImmediatePhysics (248)
[2017.12.21-06.21.59:510][979]LogModuleManager: Shutting down and abandoning module UdpMessaging (246)
[2017.12.21-06.21.59:612][979]LogModuleManager: Shutting down and abandoning module TcpMessaging (244)
[2017.12.21-06.21.59:713][979]LogModuleManager: Shutting down and abandoning module GameplayTagsEditor (242)
[2017.12.21-06.21.59:720][979]LogModuleManager: Shutting down and abandoning module FacialAnimationEditor (240)
[2017.12.21-06.21.59:720][979]LogModuleManager: Shutting down and abandoning module FacialAnimation (238)
[2017.12.21-06.21.59:720][979]LogModuleManager: Shutting down and abandoning module AssetManagerEditor (236)
[2017.12.21-06.21.59:722][979]LogModuleManager: Shutting down and abandoning module GraphEditor (235)
[2017.12.21-06.21.59:724][979]LogModuleManager: Shutting down and abandoning module ContentBrowser (233)
[2017.12.21-06.21.59:725][979]LogModuleManager: Shutting down and abandoning module LightPropagationVolumeRuntime (230)
[2017.12.21-06.21.59:725][979]LogModuleManager: Shutting down and abandoning module Paper2D (228)
[2017.12.21-06.21.59:726][979]LogModuleManager: Shutting down and abandoning module WindowsMoviePlayer (226)
[2017.12.21-06.21.59:726][979]LogModuleManager: Shutting down and abandoning module WmfMedia (224)
[2017.12.21-06.21.59:730][979]LogModuleManager: Shutting down and abandoning module PacketHandler (222)
[2017.12.21-06.21.59:730][979]LogModuleManager: Shutting down and abandoning module ClothingSystemEditor (220)
[2017.12.21-06.21.59:730][979]LogModuleManager: Shutting down and abandoning module ClothingSystemRuntime (218)
[2017.12.21-06.21.59:731][979]LogModuleManager: Shutting down and abandoning module Overlay (216)
[2017.12.21-06.21.59:731][979]LogModuleManager: Shutting down and abandoning module OverlayEditor (215)
[2017.12.21-06.21.59:731][979]LogModuleManager: Shutting down and abandoning module MediaAssets (212)
[2017.12.21-06.21.59:731][979]LogModuleManager: Shutting down and abandoning module VREditor (210)
[2017.12.21-06.21.59:732][979]LogModuleManager: Shutting down and abandoning module StringTableEditor (208)
[2017.12.21-06.21.59:732][979]LogModuleManager: Shutting down and abandoning module GameplayTasksEditor (206)
[2017.12.21-06.21.59:732][979]LogModuleManager: Shutting down and abandoning module BehaviorTreeEditor (204)
[2017.12.21-06.21.59:734][979]LogModuleManager: Shutting down and abandoning module FunctionalTesting (202)
[2017.12.21-06.21.59:735][979]LogModuleManager: Shutting down and abandoning module CollisionAnalyzer (200)
[2017.12.21-06.21.59:735][979]LogModuleManager: Shutting down and abandoning module WorkspaceMenuStructure (199)
[2017.12.21-06.21.59:735][979]LogModuleManager: Shutting down and abandoning module UMG (196)
[2017.12.21-06.21.59:737][979]LogModuleManager: Shutting down and abandoning module UMGEditor (195)
[2017.12.21-06.21.59:739][979]LogModuleManager: Shutting down and abandoning module Sequencer (194)
[2017.12.21-06.21.59:740][979]LogModuleManager: Shutting down and abandoning module MessageLog (191)
[2017.12.21-06.21.59:740][979]LogModuleManager: Shutting down and abandoning module SlateReflector (186)
[2017.12.21-06.21.59:743][979]LogModuleManager: Shutting down and abandoning module Slate (184)
[2017.12.21-06.21.59:743][979]LogModuleManager: Shutting down and abandoning module EditorStyle (182)
[2017.12.21-06.21.59:746][979]LogModuleManager: Shutting down and abandoning module MRMesh (180)
[2017.12.21-06.21.59:746][979]LogModuleManager: Shutting down and abandoning module SourceCodeAccess (178)
[2017.12.21-06.21.59:746][979]LogModuleManager: Shutting down and abandoning module HeadMountedDisplay (176)
[2017.12.21-06.21.59:746][979]LogModuleManager: Shutting down and abandoning module XAudio2 (174)
[2017.12.21-06.21.59:746][979]LogModuleManager: Shutting down and abandoning module Networking (172)
[2017.12.21-06.21.59:746][979]LogModuleManager: Shutting down and abandoning module Core (168)
[2017.12.21-06.21.59:746][979]LogModuleManager: Shutting down and abandoning module KismetCompiler (164)
[2017.12.21-06.21.59:746][979]LogModuleManager: Shutting down and abandoning module LevelSequence (162)
[2017.12.21-06.21.59:746][979]LogModuleManager: Shutting down and abandoning module MeshUtilities (160)
[2017.12.21-06.21.59:748][979]LogModuleManager: Shutting down and abandoning module MeshMergeUtilities (159)
[2017.12.21-06.21.59:749][979]LogModuleManager: Shutting down and abandoning module MeshReductionInterface (158)
[2017.12.21-06.21.59:749][979]LogModuleManager: Shutting down and abandoning module SimplygonSwarm (157)
[2017.12.21-06.21.59:750][979]LogModuleManager: Shutting down and abandoning module SimplygonMeshReduction (155)
[2017.12.21-06.21.59:750][979]LogModuleManager: Shutting down and abandoning module QuadricMeshReduction (153)
[2017.12.21-06.21.59:751][979]LogModuleManager: Shutting down and abandoning module MaterialBaking (149)
[2017.12.21-06.21.59:751][979]LogModuleManager: Shutting down and abandoning module DirectoryWatcher (146)
[2017.12.21-06.21.59:752][979]LogModuleManager: Shutting down and abandoning module DerivedDataCache (144)
[2017.12.21-06.21.59:815][979]LogDerivedDataCache: Shutdown
[2017.12.21-06.21.59:815][979]LogModuleManager: Shutting down and abandoning module TargetPlatform (142)
[2017.12.21-06.21.59:815][979]LogModuleManager: Shutting down and abandoning module VulkanShaderFormat (141)
[2017.12.21-06.21.59:816][979]LogModuleManager: Shutting down and abandoning module ShaderFormatVectorVM (139)
[2017.12.21-06.21.59:817][979]LogModuleManager: Shutting down and abandoning module ShaderFormatOpenGL (137)
[2017.12.21-06.21.59:817][979]LogModuleManager: Shutting down and abandoning module ShaderFormatD3D (135)
[2017.12.21-06.21.59:817][979]LogModuleManager: Shutting down and abandoning module MetalShaderFormat (133)
[2017.12.21-06.21.59:818][979]LogModuleManager: Shutting down and abandoning module TextureFormatUncompressed (131)
[2017.12.21-06.21.59:818][979]LogModuleManager: Shutting down and abandoning module TextureFormatPVR (129)
[2017.12.21-06.21.59:818][979]LogModuleManager: Shutting down and abandoning module TextureFormatDXT (127)
[2017.12.21-06.21.59:818][979]LogModuleManager: Shutting down and abandoning module TextureFormatIntelISPCTexComp (125)
[2017.12.21-06.21.59:819][979]LogModuleManager: Shutting down and abandoning module TextureFormatASTC (123)
[2017.12.21-06.21.59:819][979]LogModuleManager: Shutting down and abandoning module ImageWrapper (122)
[2017.12.21-06.21.59:819][979]LogModuleManager: Shutting down and abandoning module TextureFormatAndroid (119)
[2017.12.21-06.21.59:819][979]LogModuleManager: Shutting down and abandoning module AudioFormatOpus (117)
[2017.12.21-06.21.59:819][979]LogModuleManager: Shutting down and abandoning module AudioFormatOgg (115)
[2017.12.21-06.21.59:819][979]LogModuleManager: Shutting down and abandoning module AudioFormatADPCM (113)
[2017.12.21-06.21.59:819][979]LogModuleManager: Shutting down and abandoning module LinuxTargetPlatform (111)
[2017.12.21-06.21.59:819][979]LogModuleManager: Shutting down and abandoning module LinuxServerTargetPlatform (109)
[2017.12.21-06.21.59:819][979]LogModuleManager: Shutting down and abandoning module LinuxNoEditorTargetPlatform (107)
[2017.12.21-06.21.59:819][979]LogModuleManager: Shutting down and abandoning module LinuxClientTargetPlatform (105)
[2017.12.21-06.21.59:819][979]LogModuleManager: Shutting down and abandoning module TVOSTargetPlatform (103)
[2017.12.21-06.21.59:819][979]LogModuleManager: Shutting down and abandoning module Messaging (101)
[2017.12.21-06.21.59:819][979]LogModuleManager: Shutting down and abandoning module IOSTargetPlatform (99)
[2017.12.21-06.21.59:819][979]LogModuleManager: Shutting down and abandoning module HTML5TargetPlatform (97)
[2017.12.21-06.21.59:819][979]LogModuleManager: Shutting down and abandoning module Android_PVRTCTargetPlatform (95)
[2017.12.21-06.21.59:819][979]LogModuleManager: Shutting down and abandoning module Android_MultiTargetPlatform (93)
[2017.12.21-06.21.59:819][979]LogModuleManager: Shutting down and abandoning module Android_ETC2TargetPlatform (91)
[2017.12.21-06.21.59:820][979]LogModuleManager: Shutting down and abandoning module Android_ETC1TargetPlatform (89)
[2017.12.21-06.21.59:820][979]LogModuleManager: Shutting down and abandoning module Android_DXTTargetPlatform (87)
[2017.12.21-06.21.59:820][979]LogModuleManager: Shutting down and abandoning module Android_ATCTargetPlatform (85)
[2017.12.21-06.21.59:820][979]LogModuleManager: Shutting down and abandoning module Android_ASTCTargetPlatform (83)
[2017.12.21-06.21.59:820][979]LogModuleManager: Shutting down and abandoning module AndroidTargetPlatform (81)
[2017.12.21-06.21.59:820][979]LogModuleManager: Shutting down and abandoning module WindowsTargetPlatform (79)
[2017.12.21-06.21.59:820][979]LogModuleManager: Shutting down and abandoning module WindowsServerTargetPlatform (77)
[2017.12.21-06.21.59:820][979]LogModuleManager: Shutting down and abandoning module WindowsNoEditorTargetPlatform (75)
[2017.12.21-06.21.59:820][979]LogModuleManager: Shutting down and abandoning module WindowsClientTargetPlatform (73)
[2017.12.21-06.21.59:820][979]LogModuleManager: Shutting down and abandoning module MacTargetPlatform (71)
[2017.12.21-06.21.59:820][979]LogModuleManager: Shutting down and abandoning module MacServerTargetPlatform (69)
[2017.12.21-06.21.59:820][979]LogModuleManager: Shutting down and abandoning module MacNoEditorTargetPlatform (67)
[2017.12.21-06.21.59:820][979]LogModuleManager: Shutting down and abandoning module MacClientTargetPlatform (65)
[2017.12.21-06.21.59:820][979]LogModuleManager: Shutting down and abandoning module AllDesktopTargetPlatform (63)
[2017.12.21-06.21.59:820][979]LogModuleManager: Shutting down and abandoning module InputCore (60)
[2017.12.21-06.21.59:820][979]LogModuleManager: Shutting down and abandoning module Settings (58)
[2017.12.21-06.21.59:820][979]LogModuleManager: Shutting down and abandoning module PhysXCooking (56)
[2017.12.21-06.21.59:820][979]LogModuleManager: Shutting down and abandoning module SteamVR (54)
[2017.12.21-06.21.59:820][979]LogModuleManager: Shutting down and abandoning module OculusHMD (52)
[2017.12.21-06.21.59:821][979]LogModuleManager: Shutting down and abandoning module ExampleDeviceProfileSelector (50)
[2017.12.21-06.21.59:821][979]LogModuleManager: Shutting down and abandoning module OnlineBlueprintSupport (48)
[2017.12.21-06.21.59:821][979]LogModuleManager: Shutting down and abandoning module OnlineSubsystem (44)
[2017.12.21-06.21.59:821][979]LogOnline: Display: Unloading online subsystem: NULL
[2017.12.21-06.21.59:822][979]LogModuleManager: Shutting down and abandoning module XMPP (43)
[2017.12.21-06.21.59:823][979]LogModuleManager: Shutting down and abandoning module HTTP (41)
[2017.12.21-06.21.59:824][979]LogHttp: Display: Http module shutting down, but needs to wait on 1 outstanding Http requests:
[2017.12.21-06.21.59:824][979]LogHttp: Display: 	verb=[POST] url=[https://datarouter.ol.epicgames.com/datarouter/api/v1/public/data?SessionID=%7BB3A2A542-4150-CDA3-41A1-BD9E0A79070C%7D&AppID=UEEditor.Rocket.Release&AppVersion=4.17.2-3658906%2B%2B%2BUE4%2BRelease-4.17&UserID=52c09b674ff570e465a91c84e5b3e90a%7C576142a7ce4e41a4a4c4bf69e2f1ce98%7C644e0ae4-f221-42dd-b828-8b6eaba0659c&AppEnvironment=datacollector-binary&UploadType=eteventstream] status=Processing
[2017.12.21-06.21.59:855][979]LogModuleManager: Shutting down and abandoning module SSL (40)
[2017.12.21-06.21.59:856][979]LogModuleManager: Shutting down and abandoning module AnimationModifiers (36)
[2017.12.21-06.21.59:857][979]LogModuleManager: Shutting down and abandoning module PropertyEditor (35)
[2017.12.21-06.21.59:857][979]LogModuleManager: Shutting down and abandoning module AudioEditor (32)
[2017.12.21-06.21.59:859][979]LogModuleManager: Shutting down and abandoning module TextureCompressor (30)
[2017.12.21-06.21.59:859][979]LogModuleManager: Shutting down and abandoning module ShaderCore (28)
[2017.12.21-06.21.59:859][979]LogModuleManager: Shutting down and abandoning module Landscape (26)
[2017.12.21-06.21.59:859][979]LogModuleManager: Shutting down and abandoning module SlateRHIRenderer (24)
[2017.12.21-06.21.59:861][979]LogModuleManager: Shutting down and abandoning module OpenGLDrv (22)
[2017.12.21-06.21.59:862][979]LogModuleManager: Shutting down and abandoning module D3D11RHI (20)
[2017.12.21-06.21.59:862][979]LogModuleManager: Shutting down and abandoning module AnimGraphRuntime (18)
[2017.12.21-06.21.59:863][979]LogModuleManager: Shutting down and abandoning module Renderer (16)
[2017.12.21-06.21.59:863][979]LogModuleManager: Shutting down and abandoning module Engine (14)
[2017.12.21-06.21.59:863][979]LogModuleManager: Shutting down and abandoning module CoreUObject (12)
[2017.12.21-06.21.59:863][979]LogModuleManager: Shutting down and abandoning module NetworkFile (10)
[2017.12.21-06.21.59:863][979]LogModuleManager: Shutting down and abandoning module CookedIterativeFile (8)
[2017.12.21-06.21.59:863][979]LogModuleManager: Shutting down and abandoning module StreamingFile (6)
[2017.12.21-06.21.59:864][979]LogModuleManager: Shutting down and abandoning module SandboxFile (4)
[2017.12.21-06.21.59:864][979]LogModuleManager: Shutting down and abandoning module PakFile (2)
[2017.12.21-06.21.59:868][979]LogExit: Exiting.
[2017.12.21-06.21.59:885][979]Log file closed, 12/21/17 16:21:59
